Compiling the C compiler identification source file "CMakeCCompilerId.c" failed.
Compiler: /Applications/Xcode.app/Contents/Developer/Toolchains/XcodeDefault.xctoolchain/usr/bin/cc 
Build flags: 
Id flags:  

The output was:
1
ld: library not found for -lSystem
clang: error: linker command failed with exit code 1 (use -v to see invocation)


Determining if the _POSIX_TIMERS exist failed with the following output:
Change Dir: /Users/satolab/Documents/Projects/PigModelProject2021/Code/2D_Bardia/sundials/installSundials/builddir/CMakeFiles/CMakeTmp

Run Build Command(s):/usr/bin/make cmTC_4cdd3/fast && /Applications/Xcode.app/Contents/Developer/usr/bin/make  -f CMakeFiles/cmTC_4cdd3.dir/build.make CMakeFiles/cmTC_4cdd3.dir/build
Building C object CMakeFiles/cmTC_4cdd3.dir/CheckSymbolExists.c.o
/Applications/Xcode.app/Contents/Developer/Toolchains/XcodeDefault.xctoolchain/usr/bin/cc   -isysroot /Applications/Xcode.app/Contents/Developer/Platforms/MacOSX.platform/Developer/SDKs/MacOSX11.1.sdk -o CMakeFiles/cmTC_4cdd3.dir/CheckSymbolExists.c.o -c /Users/satolab/Documents/Projects/PigModelProject2021/Code/2D_Bardia/sundials/installSundials/builddir/CMakeFiles/CMakeTmp/CheckSymbolExists.c
Linking C executable cmTC_4cdd3
/usr/local/Cellar/cmake/3.18.4/bin/cmake -E cmake_link_script CMakeFiles/cmTC_4cdd3.dir/link.txt --verbose=1
/Applications/Xcode.app/Contents/Developer/Toolchains/XcodeDefault.xctoolchain/usr/bin/cc  -isysroot /Applications/Xcode.app/Contents/Developer/Platforms/MacOSX.platform/Developer/SDKs/MacOSX11.1.sdk -Wl,-search_paths_first -Wl,-headerpad_max_install_names CMakeFiles/cmTC_4cdd3.dir/CheckSymbolExists.c.o -o cmTC_4cdd3  -lrt 
ld: library not found for -lrt
clang: error: linker command failed with exit code 1 (use -v to see invocation)
make[1]: *** [cmTC_4cdd3] Error 1
make: *** [cmTC_4cdd3/fast] Error 2


File /Users/satolab/Documents/Projects/PigModelProject2021/Code/2D_Bardia/sundials/installSundials/builddir/CMakeFiles/CMakeTmp/CheckSymbolExists.c:
/* */
#include <unistd.h>
#include <time.h>

int main(int argc, char** argv)
{
  (void)argv;
#ifndef _POSIX_TIMERS
  return ((int*)(&_POSIX_TIMERS))[argc];
#else
  (void)argc;
  return 0;
#endif
}
